<?xml version="1.0" encoding="UTF-8"?>
<!-- Generated by org.testng.reporters.JUnitReportReporter -->
<testsuite hostname="ANDUIN" failures="0" tests="1" name="com.formica.tests.CreateUserTest" time="43.825" errors="0" timestamp="2022-09-12T20:25:36 TRT" skipped="0">
  <testcase classname="com.formica.tests.CreateUserTest" name="createUserTest1" time="43.825"/>
  <system-out/>
</testsuite> <!-- com.formica.tests.CreateUserTest -->
